{"/home/jao/src/tawk/tawk-messenger-vue/src/lib/index.js": {"path":"/home/jao/src/tawk/tawk-messenger-vue/src/lib/index.js","statementMap":{"0":{"start":{"line":7,"column":2},"end":{"line":7,"column":57}},"1":{"start":{"line":7,"column":50},"end":{"line":7,"column":57}},"2":{"start":{"line":8,"column":2},"end":{"line":8,"column":55}},"3":{"start":{"line":8,"column":48},"end":{"line":8,"column":55}},"4":{"start":{"line":10,"column":2},"end":{"line":10,"column":19}},"5":{"start":{"line":11,"column":2},"end":{"line":11,"column":39}},"6":{"start":{"line":12,"column":2},"end":{"line":12,"column":35}},"7":{"start":{"line":13,"column":2},"end":{"line":13,"column":35}},"8":{"start":{"line":15,"column":2},"end":{"line":15,"column":14}},"9":{"start":{"line":19,"column":2},"end":{"line":21,"column":3}},"10":{"start":{"line":20,"column":3},"end":{"line":20,"column":10}},"11":{"start":{"line":26,"column":2},"end":{"line":26,"column":42}},"12":{"start":{"line":31,"column":2},"end":{"line":31,"column":45}},"13":{"start":{"line":33,"column":2},"end":{"line":33,"column":14}},"14":{"start":{"line":37,"column":2},"end":{"line":41,"column":3}},"15":{"start":{"line":38,"column":3},"end":{"line":40,"column":4}},"16":{"start":{"line":39,"column":4},"end":{"line":39,"column":60}},"17":{"start":{"line":46,"column":2},"end":{"line":46,"column":20}},"18":{"start":{"line":47,"column":2},"end":{"line":47,"column":20}},"19":{"start":{"line":48,"column":2},"end":{"line":48,"column":22}},"20":{"start":{"line":49,"column":2},"end":{"line":49,"column":20}},"21":{"start":{"line":56,"column":2},"end":{"line":56,"column":56}},"22":{"start":{"line":56,"column":29},"end":{"line":56,"column":55}},"23":{"start":{"line":57,"column":2},"end":{"line":57,"column":56}},"24":{"start":{"line":57,"column":29},"end":{"line":57,"column":55}},"25":{"start":{"line":58,"column":2},"end":{"line":58,"column":52}},"26":{"start":{"line":58,"column":27},"end":{"line":58,"column":51}},"27":{"start":{"line":59,"column":2},"end":{"line":59,"column":50}},"28":{"start":{"line":59,"column":26},"end":{"line":59,"column":49}},"29":{"start":{"line":60,"column":2},"end":{"line":60,"column":60}},"30":{"start":{"line":60,"column":31},"end":{"line":60,"column":59}},"31":{"start":{"line":61,"column":2},"end":{"line":61,"column":60}},"32":{"start":{"line":61,"column":31},"end":{"line":61,"column":59}},"33":{"start":{"line":62,"column":2},"end":{"line":62,"column":72}},"34":{"start":{"line":62,"column":37},"end":{"line":62,"column":71}},"35":{"start":{"line":63,"column":2},"end":{"line":63,"column":54}},"36":{"start":{"line":63,"column":28},"end":{"line":63,"column":53}},"37":{"start":{"line":70,"column":2},"end":{"line":70,"column":66}},"38":{"start":{"line":70,"column":34},"end":{"line":70,"column":65}},"39":{"start":{"line":71,"column":2},"end":{"line":71,"column":58}},"40":{"start":{"line":71,"column":30},"end":{"line":71,"column":57}},"41":{"start":{"line":72,"column":2},"end":{"line":72,"column":70}},"42":{"start":{"line":72,"column":36},"end":{"line":72,"column":69}},"43":{"start":{"line":73,"column":2},"end":{"line":73,"column":70}},"44":{"start":{"line":73,"column":36},"end":{"line":73,"column":69}},"45":{"start":{"line":74,"column":2},"end":{"line":74,"column":64}},"46":{"start":{"line":74,"column":33},"end":{"line":74,"column":63}},"47":{"start":{"line":75,"column":2},"end":{"line":75,"column":66}},"48":{"start":{"line":75,"column":34},"end":{"line":75,"column":65}},"49":{"start":{"line":76,"column":2},"end":{"line":76,"column":72}},"50":{"start":{"line":76,"column":37},"end":{"line":76,"column":71}},"51":{"start":{"line":77,"column":2},"end":{"line":77,"column":54}},"52":{"start":{"line":77,"column":29},"end":{"line":77,"column":53}},"53":{"start":{"line":85,"column":2},"end":{"line":87,"column":5}},"54":{"start":{"line":86,"column":3},"end":{"line":86,"column":27}},"55":{"start":{"line":89,"column":2},"end":{"line":91,"column":5}},"56":{"start":{"line":90,"column":3},"end":{"line":90,"column":50}},"57":{"start":{"line":93,"column":2},"end":{"line":95,"column":5}},"58":{"start":{"line":94,"column":3},"end":{"line":94,"column":33}},"59":{"start":{"line":97,"column":2},"end":{"line":99,"column":5}},"60":{"start":{"line":98,"column":3},"end":{"line":98,"column":36}},"61":{"start":{"line":101,"column":2},"end":{"line":103,"column":5}},"62":{"start":{"line":102,"column":3},"end":{"line":102,"column":36}},"63":{"start":{"line":105,"column":2},"end":{"line":107,"column":5}},"64":{"start":{"line":106,"column":3},"end":{"line":106,"column":33}},"65":{"start":{"line":109,"column":2},"end":{"line":111,"column":5}},"66":{"start":{"line":110,"column":3},"end":{"line":110,"column":34}},"67":{"start":{"line":113,"column":2},"end":{"line":115,"column":5}},"68":{"start":{"line":114,"column":3},"end":{"line":114,"column":32}},"69":{"start":{"line":117,"column":2},"end":{"line":119,"column":5}},"70":{"start":{"line":118,"column":3},"end":{"line":118,"column":49}},"71":{"start":{"line":121,"column":2},"end":{"line":123,"column":5}},"72":{"start":{"line":122,"column":3},"end":{"line":122,"column":49}},"73":{"start":{"line":125,"column":2},"end":{"line":127,"column":5}},"74":{"start":{"line":126,"column":3},"end":{"line":126,"column":57}},"75":{"start":{"line":129,"column":2},"end":{"line":131,"column":5}},"76":{"start":{"line":130,"column":3},"end":{"line":130,"column":55}},"77":{"start":{"line":133,"column":2},"end":{"line":135,"column":5}},"78":{"start":{"line":134,"column":3},"end":{"line":134,"column":56}},"79":{"start":{"line":137,"column":2},"end":{"line":139,"column":5}},"80":{"start":{"line":138,"column":3},"end":{"line":138,"column":49}},"81":{"start":{"line":141,"column":2},"end":{"line":143,"column":5}},"82":{"start":{"line":142,"column":3},"end":{"line":142,"column":50}},"83":{"start":{"line":145,"column":2},"end":{"line":147,"column":5}},"84":{"start":{"line":146,"column":3},"end":{"line":146,"column":60}},"85":{"start":{"line":149,"column":2},"end":{"line":151,"column":5}},"86":{"start":{"line":150,"column":3},"end":{"line":150,"column":61}},"87":{"start":{"line":153,"column":2},"end":{"line":155,"column":5}},"88":{"start":{"line":154,"column":3},"end":{"line":154,"column":46}},"89":{"start":{"line":157,"column":2},"end":{"line":159,"column":5}},"90":{"start":{"line":158,"column":3},"end":{"line":158,"column":47}},"91":{"start":{"line":166,"column":2},"end":{"line":166,"column":63}},"92":{"start":{"line":166,"column":32},"end":{"line":166,"column":62}},"93":{"start":{"line":167,"column":2},"end":{"line":167,"column":104}},"94":{"start":{"line":167,"column":53},"end":{"line":167,"column":103}},"95":{"start":{"line":168,"column":2},"end":{"line":168,"column":106}},"96":{"start":{"line":168,"column":54},"end":{"line":168,"column":105}},"97":{"start":{"line":169,"column":2},"end":{"line":169,"column":82}},"98":{"start":{"line":169,"column":42},"end":{"line":169,"column":81}},"99":{"start":{"line":170,"column":2},"end":{"line":170,"column":88}},"100":{"start":{"line":170,"column":45},"end":{"line":170,"column":87}}},"fnMap":{"0":{"name":"(anonymous_0)","decl":{"start":{"line":6,"column":1},"end":{"line":6,"column":2}},"loc":{"start":{"line":6,"column":28},"end":{"line":16,"column":2}},"line":6},"1":{"name":"(anonymous_1)","decl":{"start":{"line":18,"column":1},"end":{"line":18,"column":2}},"loc":{"start":{"line":18,"column":8},"end":{"line":34,"column":2}},"line":18},"2":{"name":"(anonymous_2)","decl":{"start":{"line":36,"column":1},"end":{"line":36,"column":2}},"loc":{"start":{"line":36,"column":8},"end":{"line":50,"column":2}},"line":36},"3":{"name":"(anonymous_3)","decl":{"start":{"line":55,"column":1},"end":{"line":55,"column":2}},"loc":{"start":{"line":55,"column":14},"end":{"line":64,"column":2}},"line":55},"4":{"name":"(anonymous_4)","decl":{"start":{"line":56,"column":23},"end":{"line":56,"column":24}},"loc":{"start":{"line":56,"column":29},"end":{"line":56,"column":55}},"line":56},"5":{"name":"(anonymous_5)","decl":{"start":{"line":57,"column":23},"end":{"line":57,"column":24}},"loc":{"start":{"line":57,"column":29},"end":{"line":57,"column":55}},"line":57},"6":{"name":"(anonymous_6)","decl":{"start":{"line":58,"column":21},"end":{"line":58,"column":22}},"loc":{"start":{"line":58,"column":27},"end":{"line":58,"column":51}},"line":58},"7":{"name":"(anonymous_7)","decl":{"start":{"line":59,"column":20},"end":{"line":59,"column":21}},"loc":{"start":{"line":59,"column":26},"end":{"line":59,"column":49}},"line":59},"8":{"name":"(anonymous_8)","decl":{"start":{"line":60,"column":25},"end":{"line":60,"column":26}},"loc":{"start":{"line":60,"column":31},"end":{"line":60,"column":59}},"line":60},"9":{"name":"(anonymous_9)","decl":{"start":{"line":61,"column":25},"end":{"line":61,"column":26}},"loc":{"start":{"line":61,"column":31},"end":{"line":61,"column":59}},"line":61},"10":{"name":"(anonymous_10)","decl":{"start":{"line":62,"column":31},"end":{"line":62,"column":32}},"loc":{"start":{"line":62,"column":37},"end":{"line":62,"column":71}},"line":62},"11":{"name":"(anonymous_11)","decl":{"start":{"line":63,"column":22},"end":{"line":63,"column":23}},"loc":{"start":{"line":63,"column":28},"end":{"line":63,"column":53}},"line":63},"12":{"name":"(anonymous_12)","decl":{"start":{"line":69,"column":1},"end":{"line":69,"column":2}},"loc":{"start":{"line":69,"column":14},"end":{"line":78,"column":2}},"line":69},"13":{"name":"(anonymous_13)","decl":{"start":{"line":70,"column":28},"end":{"line":70,"column":29}},"loc":{"start":{"line":70,"column":34},"end":{"line":70,"column":65}},"line":70},"14":{"name":"(anonymous_14)","decl":{"start":{"line":71,"column":24},"end":{"line":71,"column":25}},"loc":{"start":{"line":71,"column":30},"end":{"line":71,"column":57}},"line":71},"15":{"name":"(anonymous_15)","decl":{"start":{"line":72,"column":30},"end":{"line":72,"column":31}},"loc":{"start":{"line":72,"column":36},"end":{"line":72,"column":69}},"line":72},"16":{"name":"(anonymous_16)","decl":{"start":{"line":73,"column":30},"end":{"line":73,"column":31}},"loc":{"start":{"line":73,"column":36},"end":{"line":73,"column":69}},"line":73},"17":{"name":"(anonymous_17)","decl":{"start":{"line":74,"column":27},"end":{"line":74,"column":28}},"loc":{"start":{"line":74,"column":33},"end":{"line":74,"column":63}},"line":74},"18":{"name":"(anonymous_18)","decl":{"start":{"line":75,"column":28},"end":{"line":75,"column":29}},"loc":{"start":{"line":75,"column":34},"end":{"line":75,"column":65}},"line":75},"19":{"name":"(anonymous_19)","decl":{"start":{"line":76,"column":31},"end":{"line":76,"column":32}},"loc":{"start":{"line":76,"column":37},"end":{"line":76,"column":71}},"line":76},"20":{"name":"(anonymous_20)","decl":{"start":{"line":77,"column":23},"end":{"line":77,"column":24}},"loc":{"start":{"line":77,"column":29},"end":{"line":77,"column":53}},"line":77},"21":{"name":"(anonymous_21)","decl":{"start":{"line":84,"column":1},"end":{"line":84,"column":2}},"loc":{"start":{"line":84,"column":16},"end":{"line":160,"column":2}},"line":84},"22":{"name":"(anonymous_22)","decl":{"start":{"line":85,"column":38},"end":{"line":85,"column":39}},"loc":{"start":{"line":85,"column":44},"end":{"line":87,"column":3}},"line":85},"23":{"name":"(anonymous_23)","decl":{"start":{"line":89,"column":46},"end":{"line":89,"column":47}},"loc":{"start":{"line":89,"column":58},"end":{"line":91,"column":3}},"line":89},"24":{"name":"(anonymous_24)","decl":{"start":{"line":93,"column":44},"end":{"line":93,"column":45}},"loc":{"start":{"line":93,"column":50},"end":{"line":95,"column":3}},"line":93},"25":{"name":"(anonymous_25)","decl":{"start":{"line":97,"column":47},"end":{"line":97,"column":48}},"loc":{"start":{"line":97,"column":53},"end":{"line":99,"column":3}},"line":97},"26":{"name":"(anonymous_26)","decl":{"start":{"line":101,"column":47},"end":{"line":101,"column":48}},"loc":{"start":{"line":101,"column":53},"end":{"line":103,"column":3}},"line":101},"27":{"name":"(anonymous_27)","decl":{"start":{"line":105,"column":44},"end":{"line":105,"column":45}},"loc":{"start":{"line":105,"column":50},"end":{"line":107,"column":3}},"line":105},"28":{"name":"(anonymous_28)","decl":{"start":{"line":109,"column":45},"end":{"line":109,"column":46}},"loc":{"start":{"line":109,"column":51},"end":{"line":111,"column":3}},"line":109},"29":{"name":"(anonymous_29)","decl":{"start":{"line":113,"column":43},"end":{"line":113,"column":44}},"loc":{"start":{"line":113,"column":49},"end":{"line":115,"column":3}},"line":113},"30":{"name":"(anonymous_30)","decl":{"start":{"line":117,"column":47},"end":{"line":117,"column":48}},"loc":{"start":{"line":117,"column":57},"end":{"line":119,"column":3}},"line":117},"31":{"name":"(anonymous_31)","decl":{"start":{"line":121,"column":47},"end":{"line":121,"column":48}},"loc":{"start":{"line":121,"column":57},"end":{"line":123,"column":3}},"line":121},"32":{"name":"(anonymous_32)","decl":{"start":{"line":125,"column":52},"end":{"line":125,"column":53}},"loc":{"start":{"line":125,"column":65},"end":{"line":127,"column":3}},"line":125},"33":{"name":"(anonymous_33)","decl":{"start":{"line":129,"column":50},"end":{"line":129,"column":51}},"loc":{"start":{"line":129,"column":63},"end":{"line":131,"column":3}},"line":129},"34":{"name":"(anonymous_34)","decl":{"start":{"line":133,"column":51},"end":{"line":133,"column":52}},"loc":{"start":{"line":133,"column":64},"end":{"line":135,"column":3}},"line":133},"35":{"name":"(anonymous_35)","decl":{"start":{"line":137,"column":47},"end":{"line":137,"column":48}},"loc":{"start":{"line":137,"column":57},"end":{"line":139,"column":3}},"line":137},"36":{"name":"(anonymous_36)","decl":{"start":{"line":141,"column":48},"end":{"line":141,"column":49}},"loc":{"start":{"line":141,"column":58},"end":{"line":143,"column":3}},"line":141},"37":{"name":"(anonymous_37)","decl":{"start":{"line":145,"column":50},"end":{"line":145,"column":51}},"loc":{"start":{"line":145,"column":68},"end":{"line":147,"column":3}},"line":145},"38":{"name":"(anonymous_38)","decl":{"start":{"line":149,"column":52},"end":{"line":149,"column":53}},"loc":{"start":{"line":149,"column":69},"end":{"line":151,"column":3}},"line":149},"39":{"name":"(anonymous_39)","decl":{"start":{"line":153,"column":44},"end":{"line":153,"column":45}},"loc":{"start":{"line":153,"column":54},"end":{"line":155,"column":3}},"line":153},"40":{"name":"(anonymous_40)","decl":{"start":{"line":157,"column":45},"end":{"line":157,"column":46}},"loc":{"start":{"line":157,"column":55},"end":{"line":159,"column":3}},"line":157},"41":{"name":"(anonymous_41)","decl":{"start":{"line":165,"column":1},"end":{"line":165,"column":2}},"loc":{"start":{"line":165,"column":14},"end":{"line":171,"column":2}},"line":165},"42":{"name":"(anonymous_42)","decl":{"start":{"line":166,"column":22},"end":{"line":166,"column":23}},"loc":{"start":{"line":166,"column":32},"end":{"line":166,"column":62}},"line":166},"43":{"name":"(anonymous_43)","decl":{"start":{"line":167,"column":28},"end":{"line":167,"column":29}},"loc":{"start":{"line":167,"column":53},"end":{"line":167,"column":103}},"line":167},"44":{"name":"(anonymous_44)","decl":{"start":{"line":168,"column":23},"end":{"line":168,"column":24}},"loc":{"start":{"line":168,"column":54},"end":{"line":168,"column":105}},"line":168},"45":{"name":"(anonymous_45)","decl":{"start":{"line":169,"column":22},"end":{"line":169,"column":23}},"loc":{"start":{"line":169,"column":42},"end":{"line":169,"column":81}},"line":169},"46":{"name":"(anonymous_46)","decl":{"start":{"line":170,"column":25},"end":{"line":170,"column":26}},"loc":{"start":{"line":170,"column":45},"end":{"line":170,"column":87}},"line":170}},"branchMap":{"0":{"loc":{"start":{"line":7,"column":2},"end":{"line":7,"column":57}},"type":"if","locations":[{"start":{"line":7,"column":2},"end":{"line":7,"column":57}},{"start":{"line":7,"column":2},"end":{"line":7,"column":57}}],"line":7},"1":{"loc":{"start":{"line":8,"column":2},"end":{"line":8,"column":55}},"type":"if","locations":[{"start":{"line":8,"column":2},"end":{"line":8,"column":55}},{"start":{"line":8,"column":2},"end":{"line":8,"column":55}}],"line":8},"2":{"loc":{"start":{"line":19,"column":2},"end":{"line":21,"column":3}},"type":"if","locations":[{"start":{"line":19,"column":2},"end":{"line":21,"column":3}},{"start":{"line":19,"column":2},"end":{"line":21,"column":3}}],"line":19},"3":{"loc":{"start":{"line":19,"column":6},"end":{"line":19,"column":26}},"type":"binary-expr","locations":[{"start":{"line":19,"column":6},"end":{"line":19,"column":13}},{"start":{"line":19,"column":17},"end":{"line":19,"column":26}}],"line":19},"4":{"loc":{"start":{"line":26,"column":20},"end":{"line":26,"column":41}},"type":"binary-expr","locations":[{"start":{"line":26,"column":20},"end":{"line":26,"column":35}},{"start":{"line":26,"column":39},"end":{"line":26,"column":41}}],"line":26},"5":{"loc":{"start":{"line":37,"column":2},"end":{"line":41,"column":3}},"type":"if","locations":[{"start":{"line":37,"column":2},"end":{"line":41,"column":3}},{"start":{"line":37,"column":2},"end":{"line":41,"column":3}}],"line":37},"6":{"loc":{"start":{"line":37,"column":6},"end":{"line":37,"column":56}},"type":"binary-expr","locations":[{"start":{"line":37,"column":6},"end":{"line":37,"column":19}},{"start":{"line":37,"column":23},"end":{"line":37,"column":56}}],"line":37},"7":{"loc":{"start":{"line":38,"column":3},"end":{"line":40,"column":4}},"type":"if","locations":[{"start":{"line":38,"column":3},"end":{"line":40,"column":4}},{"start":{"line":38,"column":3},"end":{"line":40,"column":4}}],"line":38},"8":{"loc":{"start":{"line":38,"column":7},"end":{"line":38,"column":81}},"type":"binary-expr","locations":[{"start":{"line":38,"column":7},"end":{"line":38,"column":32}},{"start":{"line":38,"column":36},"end":{"line":38,"column":81}}],"line":38}},"s":{"0":3,"1":1,"2":2,"3":0,"4":2,"5":2,"6":2,"7":2,"8":2,"9":3,"10":0,"11":3,"12":3,"13":3,"14":3,"15":0,"16":0,"17":3,"18":3,"19":3,"20":3,"21":3,"22":0,"23":3,"24":0,"25":3,"26":0,"27":3,"28":0,"29":3,"30":0,"31":3,"32":0,"33":3,"34":0,"35":3,"36":0,"37":3,"38":0,"39":3,"40":0,"41":3,"42":0,"43":3,"44":0,"45":3,"46":0,"47":3,"48":0,"49":3,"50":0,"51":3,"52":0,"53":3,"54":0,"55":3,"56":0,"57":3,"58":0,"59":3,"60":0,"61":3,"62":0,"63":3,"64":0,"65":3,"66":0,"67":3,"68":0,"69":3,"70":0,"71":3,"72":0,"73":3,"74":0,"75":3,"76":0,"77":3,"78":0,"79":3,"80":0,"81":3,"82":0,"83":3,"84":0,"85":3,"86":0,"87":3,"88":0,"89":3,"90":0,"91":3,"92":0,"93":3,"94":0,"95":3,"96":0,"97":3,"98":0,"99":3,"100":0},"f":{"0":3,"1":3,"2":3,"3":3,"4":0,"5":0,"6":0,"7":0,"8":0,"9":0,"10":0,"11":0,"12":3,"13":0,"14":0,"15":0,"16":0,"17":0,"18":0,"19":0,"20":0,"21":3,"22":0,"23":0,"24":0,"25":0,"26":0,"27":0,"28":0,"29":0,"30":0,"31":0,"32":0,"33":0,"34":0,"35":0,"36":0,"37":0,"38":0,"39":0,"40":0,"41":3,"42":0,"43":0,"44":0,"45":0,"46":0},"b":{"0":[1,2],"1":[0,2],"2":[0,3],"3":[3,3],"4":[3,1],"5":[0,3],"6":[3,0],"7":[0,0],"8":[0,0]},"_coverageSchema":"43e27e138ebf9cfc5966b082cf9a028302ed4184","hash":"ba7e22a12d74255564a6748d72ec79bf5712625f"}
,"/home/jao/src/tawk/tawk-messenger-vue/src/utils/helper.js": {"path":"/home/jao/src/tawk/tawk-messenger-vue/src/utils/helper.js","statementMap":{"0":{"start":{"line":2,"column":1},"end":{"line":4,"column":2}},"1":{"start":{"line":3,"column":2},"end":{"line":3,"column":15}},"2":{"start":{"line":6,"column":1},"end":{"line":6,"column":103}}},"fnMap":{"0":{"name":"isValidString","decl":{"start":{"line":1,"column":16},"end":{"line":1,"column":29}},"loc":{"start":{"line":1,"column":43},"end":{"line":7,"column":1}},"line":1}},"branchMap":{"0":{"loc":{"start":{"line":2,"column":1},"end":{"line":4,"column":2}},"type":"if","locations":[{"start":{"line":2,"column":1},"end":{"line":4,"column":2}},{"start":{"line":2,"column":1},"end":{"line":4,"column":2}}],"line":2},"1":{"loc":{"start":{"line":2,"column":5},"end":{"line":2,"column":33}},"type":"binary-expr","locations":[{"start":{"line":2,"column":5},"end":{"line":2,"column":11}},{"start":{"line":2,"column":15},"end":{"line":2,"column":33}}],"line":2},"2":{"loc":{"start":{"line":6,"column":8},"end":{"line":6,"column":102}},"type":"binary-expr","locations":[{"start":{"line":6,"column":8},"end":{"line":6,"column":29}},{"start":{"line":6,"column":34},"end":{"line":6,"column":48}},{"start":{"line":6,"column":52},"end":{"line":6,"column":71}},{"start":{"line":6,"column":75},"end":{"line":6,"column":101}}],"line":6}},"s":{"0":5,"1":1,"2":4},"f":{"0":5},"b":{"0":[1,4],"1":[5,4],"2":[4,4,4,4]},"_coverageSchema":"43e27e138ebf9cfc5966b082cf9a028302ed4184","hash":"ede9fb5f71950775c651344048b9bda80c1d3041"}
,"/home/jao/src/tawk/tawk-messenger-vue/src/utils/widget.js": {"path":"/home/jao/src/tawk/tawk-messenger-vue/src/utils/widget.js","statementMap":{"0":{"start":{"line":4,"column":16},"end":{"line":4,"column":30}},"1":{"start":{"line":4,"column":49},"end":{"line":4,"column":59}},"2":{"start":{"line":6,"column":16},"end":{"line":6,"column":48}},"3":{"start":{"line":7,"column":1},"end":{"line":7,"column":21}},"4":{"start":{"line":8,"column":1},"end":{"line":8,"column":64}},"5":{"start":{"line":9,"column":1},"end":{"line":9,"column":26}},"6":{"start":{"line":10,"column":1},"end":{"line":10,"column":41}},"7":{"start":{"line":12,"column":21},"end":{"line":12,"column":63}},"8":{"start":{"line":13,"column":1},"end":{"line":13,"column":58}}},"fnMap":{"0":{"name":"loadScript","decl":{"start":{"line":3,"column":9},"end":{"line":3,"column":19}},"loc":{"start":{"line":3,"column":42},"end":{"line":14,"column":1}},"line":3}},"branchMap":{"0":{"loc":{"start":{"line":4,"column":16},"end":{"line":4,"column":30}},"type":"binary-expr","locations":[{"start":{"line":4,"column":16},"end":{"line":4,"column":24}},{"start":{"line":4,"column":28},"end":{"line":4,"column":30}}],"line":4}},"s":{"0":0,"1":0,"2":0,"3":0,"4":0,"5":0,"6":0,"7":0,"8":0},"f":{"0":0},"b":{"0":[0,0]},"_coverageSchema":"43e27e138ebf9cfc5966b082cf9a028302ed4184","hash":"f7d9b957bd0b8a2b7489c019b44d5760f5b01d88"}
}
