TN:
SF:/home/jao/src/tawk/tawk-messenger-vue/src/lib/index.js
FN:6,(anonymous_0)
FN:18,(anonymous_1)
FN:36,(anonymous_2)
FN:55,(anonymous_3)
FN:56,(anonymous_4)
FN:57,(anonymous_5)
FN:58,(anonymous_6)
FN:59,(anonymous_7)
FN:60,(anonymous_8)
FN:61,(anonymous_9)
FN:62,(anonymous_10)
FN:63,(anonymous_11)
FN:69,(anonymous_12)
FN:70,(anonymous_13)
FN:71,(anonymous_14)
FN:72,(anonymous_15)
FN:73,(anonymous_16)
FN:74,(anonymous_17)
FN:75,(anonymous_18)
FN:76,(anonymous_19)
FN:77,(anonymous_20)
FN:84,(anonymous_21)
FN:85,(anonymous_22)
FN:89,(anonymous_23)
FN:93,(anonymous_24)
FN:97,(anonymous_25)
FN:101,(anonymous_26)
FN:105,(anonymous_27)
FN:109,(anonymous_28)
FN:113,(anonymous_29)
FN:117,(anonymous_30)
FN:121,(anonymous_31)
FN:125,(anonymous_32)
FN:129,(anonymous_33)
FN:133,(anonymous_34)
FN:137,(anonymous_35)
FN:141,(anonymous_36)
FN:145,(anonymous_37)
FN:149,(anonymous_38)
FN:153,(anonymous_39)
FN:157,(anonymous_40)
FN:165,(anonymous_41)
FN:166,(anonymous_42)
FN:167,(anonymous_43)
FN:168,(anonymous_44)
FN:169,(anonymous_45)
FN:170,(anonymous_46)
FNF:47
FNH:7
FNDA:3,(anonymous_0)
FNDA:3,(anonymous_1)
FNDA:3,(anonymous_2)
FNDA:3,(anonymous_3)
FNDA:0,(anonymous_4)
FNDA:0,(anonymous_5)
FNDA:0,(anonymous_6)
FNDA:0,(anonymous_7)
FNDA:0,(anonymous_8)
FNDA:0,(anonymous_9)
FNDA:0,(anonymous_10)
FNDA:0,(anonymous_11)
FNDA:3,(anonymous_12)
FNDA:0,(anonymous_13)
FNDA:0,(anonymous_14)
FNDA:0,(anonymous_15)
FNDA:0,(anonymous_16)
FNDA:0,(anonymous_17)
FNDA:0,(anonymous_18)
FNDA:0,(anonymous_19)
FNDA:0,(anonymous_20)
FNDA:3,(anonymous_21)
FNDA:0,(anonymous_22)
FNDA:0,(anonymous_23)
FNDA:0,(anonymous_24)
FNDA:0,(anonymous_25)
FNDA:0,(anonymous_26)
FNDA:0,(anonymous_27)
FNDA:0,(anonymous_28)
FNDA:0,(anonymous_29)
FNDA:0,(anonymous_30)
FNDA:0,(anonymous_31)
FNDA:0,(anonymous_32)
FNDA:0,(anonymous_33)
FNDA:0,(anonymous_34)
FNDA:0,(anonymous_35)
FNDA:0,(anonymous_36)
FNDA:0,(anonymous_37)
FNDA:0,(anonymous_38)
FNDA:0,(anonymous_39)
FNDA:0,(anonymous_40)
FNDA:3,(anonymous_41)
FNDA:0,(anonymous_42)
FNDA:0,(anonymous_43)
FNDA:0,(anonymous_44)
FNDA:0,(anonymous_45)
FNDA:0,(anonymous_46)
DA:7,3
DA:8,2
DA:10,2
DA:11,2
DA:12,2
DA:13,2
DA:15,2
DA:19,3
DA:20,0
DA:26,3
DA:31,3
DA:33,3
DA:37,3
DA:38,0
DA:39,0
DA:46,3
DA:47,3
DA:48,3
DA:49,3
DA:56,3
DA:57,3
DA:58,3
DA:59,3
DA:60,3
DA:61,3
DA:62,3
DA:63,3
DA:70,3
DA:71,3
DA:72,3
DA:73,3
DA:74,3
DA:75,3
DA:76,3
DA:77,3
DA:85,3
DA:86,0
DA:89,3
DA:90,0
DA:93,3
DA:94,0
DA:97,3
DA:98,0
DA:101,3
DA:102,0
DA:105,3
DA:106,0
DA:109,3
DA:110,0
DA:113,3
DA:114,0
DA:117,3
DA:118,0
DA:121,3
DA:122,0
DA:125,3
DA:126,0
DA:129,3
DA:130,0
DA:133,3
DA:134,0
DA:137,3
DA:138,0
DA:141,3
DA:142,0
DA:145,3
DA:146,0
DA:149,3
DA:150,0
DA:153,3
DA:154,0
DA:157,3
DA:158,0
DA:166,3
DA:167,3
DA:168,3
DA:169,3
DA:170,3
LF:78
LH:56
BRDA:7,0,0,1
BRDA:7,0,1,2
BRDA:8,1,0,0
BRDA:8,1,1,2
BRDA:19,2,0,0
BRDA:19,2,1,3
BRDA:19,3,0,3
BRDA:19,3,1,3
BRDA:26,4,0,3
BRDA:26,4,1,1
BRDA:37,5,0,0
BRDA:37,5,1,3
BRDA:37,6,0,3
BRDA:37,6,1,0
BRDA:38,7,0,0
BRDA:38,7,1,0
BRDA:38,8,0,0
BRDA:38,8,1,0
BRF:18
BRH:10
end_of_record
TN:
SF:/home/jao/src/tawk/tawk-messenger-vue/src/utils/helper.js
FN:1,isValidString
FNF:1
FNH:1
FNDA:5,isValidString
DA:2,5
DA:3,1
DA:6,4
LF:3
LH:3
BRDA:2,0,0,1
BRDA:2,0,1,4
BRDA:2,1,0,5
BRDA:2,1,1,4
BRDA:6,2,0,4
BRDA:6,2,1,4
BRDA:6,2,2,4
BRDA:6,2,3,4
BRF:8
BRH:8
end_of_record
TN:
SF:/home/jao/src/tawk/tawk-messenger-vue/src/utils/widget.js
FN:3,loadScript
FNF:1
FNH:0
FNDA:0,loadScript
DA:4,0
DA:6,0
DA:7,0
DA:8,0
DA:9,0
DA:10,0
DA:12,0
DA:13,0
LF:8
LH:0
BRDA:4,0,0,0
BRDA:4,0,1,0
BRF:2
BRH:0
end_of_record
